<?xml version="1.0" encoding="UTF-8"?>
<!-- Generated by org.testng.reporters.JUnitReportReporter -->
<testsuite hostname="LAPTOP-JVDTR4JM" failures="0" tests="2" name="maven_200qt_sripts.Before_Suite" time="0.010" errors="0" timestamp="2024-11-13T15:46:33 IST" skipped="0">
  <testcase classname="maven_200qt_sripts.Before_Suite" name="ClickOn_LoginButton" time="0.007"/>
  <testcase classname="maven_200qt_sripts.Before_Suite" name="Credentials" time="0.003"/>
</testsuite> <!-- maven_200qt_sripts.Before_Suite -->
