<?xml version="1.0" encoding="UTF-8"?>
<!-- Generated by org.testng.reporters.JUnitReportReporter -->
<testsuite hostname="LAPTOP-JVDTR4JM" failures="0" tests="3" name="Git_Project_example.Git_Example" time="9.427" errors="0" timestamp="2024-11-27T13:05:17 IST" skipped="0">
  <testcase classname="Git_Project_example.Git_Example" name="Setup" time="1.751"/>
  <testcase classname="Git_Project_example.Git_Example" name="Login" time="1.931"/>
  <testcase classname="Git_Project_example.Git_Example" name="Desktop" time="5.745"/>
</testsuite> <!-- Git_Project_example.Git_Example -->
