<?xml version="1.0" encoding="UTF-8"?>
<!-- Generated by org.testng.reporters.JUnitReportReporter -->
<testsuite hostname="LAPTOP-JVDTR4JM" failures="0" tests="3" name="maven_200qt_sripts.ex2_beforemethod" time="0.038" errors="0" timestamp="2024-08-21T17:31:00 IST" skipped="0">
  <testcase classname="maven_200qt_sripts.ex2_beforemethod" name="credentials" time="0.025"/>
  <testcase classname="maven_200qt_sripts.ex2_beforemethod" name="senddata" time="0.003"/>
  <testcase classname="maven_200qt_sripts.ex2_beforemethod" name="clickon_loginbutton" time="0.010"/>
</testsuite> <!-- maven_200qt_sripts.ex2_beforemethod -->
