<?xml version="1.0" encoding="UTF-8"?>
<!-- Generated by org.testng.reporters.JUnitReportReporter -->
<testsuite hostname="LAPTOP-JVDTR4JM" failures="0" tests="4" name="maven_200qt_sripts.maven_ex1methods" time="0.013" errors="0" timestamp="2024-08-21T17:17:23 IST" skipped="0">
  <testcase classname="maven_200qt_sripts.maven_ex1methods" name="senddata" time="0.001"/>
  <testcase classname="maven_200qt_sripts.maven_ex1methods" name="Clickon_loginButton" time="0.009"/>
  <testcase classname="maven_200qt_sripts.maven_ex1methods" name="LaunchAUT" time="0.002"/>
  <testcase classname="maven_200qt_sripts.maven_ex1methods" name="credentials" time="0.001"/>
</testsuite> <!-- maven_200qt_sripts.maven_ex1methods -->
