<?xml version="1.0" encoding="UTF-8"?>
<!-- Generated by org.testng.reporters.JUnitReportReporter -->
<testsuite hostname="LAPTOP-JVDTR4JM" failures="0" tests="3" name="maven_200qt_sripts.Ex3_afterMethod" time="0.026" errors="0" timestamp="2024-08-21T17:33:08 IST" skipped="0">
  <testcase classname="maven_200qt_sripts.Ex3_afterMethod" name="ClickOn_LoginButton" time="0.020"/>
  <testcase classname="maven_200qt_sripts.Ex3_afterMethod" name="Credentials" time="0.003"/>
  <testcase classname="maven_200qt_sripts.Ex3_afterMethod" name="Senddata" time="0.003"/>
</testsuite> <!-- maven_200qt_sripts.Ex3_afterMethod -->
