<?xml version="1.0" encoding="UTF-8"?>
<!-- Generated by org.testng.reporters.JUnitReportReporter -->
<testsuite hostname="LAPTOP-JVDTR4JM" failures="0" tests="2" name="maven_200qt_sripts.Beforeclass_afterclass" time="0.013" errors="0" timestamp="2024-08-21T17:38:38 IST" skipped="0">
  <testcase classname="maven_200qt_sripts.Beforeclass_afterclass" name="Senddata" time="0.002"/>
  <testcase classname="maven_200qt_sripts.Beforeclass_afterclass" name="ClickOn_LoginButton" time="0.011"/>
</testsuite> <!-- maven_200qt_sripts.Beforeclass_afterclass -->
