<?xml version="1.0" encoding="UTF-8"?>
<!-- Generated by org.testng.reporters.JUnitReportReporter -->
<testsuite hostname="LAPTOP-JVDTR4JM" failures="0" tests="2" name="maven_200qt_sripts.BeforeTest_AfterTest" time="0.014" errors="0" timestamp="2024-08-21T17:43:11 IST" skipped="0">
  <testcase classname="maven_200qt_sripts.BeforeTest_AfterTest" name="ClickOn_LoginButton" time="0.012"/>
  <testcase classname="maven_200qt_sripts.BeforeTest_AfterTest" name="Senddata" time="0.002"/>
</testsuite> <!-- maven_200qt_sripts.BeforeTest_AfterTest -->
