<?xml version="1.0" encoding="UTF-8"?>
<!-- Generated by org.testng.reporters.JUnitReportReporter -->
<testsuite hostname="LAPTOP-JVDTR4JM" failures="0" tests="1" name="maven_200qt_sripts.Post_maven" time="2.336" errors="0" timestamp="2024-08-21T16:43:48 IST" skipped="0">
  <testcase classname="maven_200qt_sripts.Post_maven" name="Create" time="2.336"/>
</testsuite> <!-- maven_200qt_sripts.Post_maven -->
