<?xml version="1.0" encoding="UTF-8"?>
<!-- Generated by org.testng.reporters.JUnitReportReporter -->
<testsuite hostname="LAPTOP-JVDTR4JM" failures="0" tests="1" name="Git_Project_example.Pageobj_exp" time="1.097" errors="0" timestamp="2024-11-28T10:17:26 IST" skipped="0">
  <testcase classname="Git_Project_example.Pageobj_exp" name="Login" time="1.097"/>
</testsuite> <!-- Git_Project_example.Pageobj_exp -->
