<?xml version="1.0" encoding="UTF-8"?>
<!-- Generated by org.testng.reporters.JUnitReportReporter -->
<testsuite hostname="LAPTOP-JVDTR4JM" failures="0" tests="1" name="maven_200qt_sripts.Get_maven1" time="1.218" errors="0" timestamp="2024-08-21T16:43:48 IST" skipped="0">
  <testcase classname="maven_200qt_sripts.Get_maven1" name="Get_Request" time="1.218"/>
</testsuite> <!-- maven_200qt_sripts.Get_maven1 -->
